sum.obj : error LNK2005: _main 已经在 23.obj 中定义
test.obj : error LNK2005: _main 已经在 23.obj 中定义
E:\HomeWork\Studying\c_code\test_9_5\Debug\test_9_5.exe : fatal error LNK1169: 找到一个或多个多重定义的符号
